<?xml version="1.0" encoding="UTF-8"?>
<!-- Generated by org.testng.reporters.JUnitReportReporter -->
<testsuite skipped="0" hostname="DESKTOP-QK0E47G" name="com.inetBanking.testCases.TC_001_LoginTest" tests="1" failures="0" timestamp="30 May 2024 18:29:15 GMT" time="6.114" errors="0">
  <testcase name="loginTest" time="6.114" classname="com.inetBanking.testCases.TC_001_LoginTest"/>
</testsuite> <!-- com.inetBanking.testCases.TC_001_LoginTest -->
